2026-03-16 21:32:16 [INFO] ==== 処理開始 ====
2026-03-16 21:32:16 [INFO] 売上ファイルの読み込み開始
2026-03-16 21:32:16 [INFO] 読み込み中： C:\work\python_study\excel_automation\work1\売上データ元\store_A.xlsx
2026-03-16 21:32:16 [INFO] 読み込み中： C:\work\python_study\excel_automation\work1\売上データ元\store_B.xlsx
2026-03-16 21:32:16 [INFO] 読み込み中： C:\work\python_study\excel_automation\work1\売上データ元\store_C.xlsx
2026-03-16 21:32:16 [INFO] 売上ファイルの読み込み完了
2026-03-16 21:32:16 [INFO] 整形処理開始
2026-03-16 21:32:16 [INFO] 整形処理終了
2026-03-16 21:32:16 [INFO] 結合データのExcel出力完了
2026-03-16 21:32:16 [INFO] 集計処理開始
2026-03-16 21:32:16 [INFO] 集計処理終了
2026-03-16 21:32:16 [INFO] シート書き込み： カテゴリ別売上
2026-03-16 21:32:16 [INFO] シート書き込み： 商品別売上
2026-03-16 21:32:16 [INFO] シート書き込み： 店舗別売上
2026-03-16 21:32:16 [INFO] シート書き込み： 日付別売上
2026-03-16 21:32:16 [INFO] グラフ作成開始
2026-03-16 21:32:16 [INFO] グラフ作成：カテゴリ別売上
2026-03-16 21:32:16 [INFO] グラフ作成：店舗別売上
2026-03-16 21:32:16 [INFO] グラフ作成：商品別売上
2026-03-16 21:32:16 [INFO] グラフ作成：日付別売上
2026-03-16 21:32:16 [INFO] 全部のグラフ作成完了
2026-03-16 21:32:16 [INFO] === 全処理完了 ===
2026-03-16 21:32:47 [INFO] ==== 処理開始 ====
2026-03-16 21:32:47 [INFO] 売上ファイルの読み込み開始
2026-03-16 21:32:47 [INFO] 読み込み中： C:\work\python_study\excel_automation\work1\売上データ元\store_A.xlsx
2026-03-16 21:32:47 [INFO] 読み込み中： C:\work\python_study\excel_automation\work1\売上データ元\store_B.xlsx
2026-03-16 21:32:47 [INFO] 読み込み中： C:\work\python_study\excel_automation\work1\売上データ元\store_C.xlsx
2026-03-16 21:32:47 [INFO] 売上ファイルの読み込み完了
2026-03-16 21:32:47 [INFO] 整形処理開始
2026-03-16 21:32:47 [INFO] 整形処理終了
2026-03-16 21:32:47 [ERROR] 致命的エラー発生：[Errno 13] Permission denied: 'C:\\work\\python_study\\excel_automation\\work1\\データ出力\\merged_sales.xlsx'
2026-03-16 21:33:38 [INFO] ==== 処理開始 ====
2026-03-16 21:33:38 [INFO] 売上ファイルの読み込み開始
2026-03-16 21:33:38 [INFO] 読み込み中： C:\work\python_study\excel_automation\work1\売上データ元\store_AA.xlsx
2026-03-16 21:33:38 [INFO] 読み込み中： C:\work\python_study\excel_automation\work1\売上データ元\store_B.xlsx
2026-03-16 21:33:38 [INFO] 読み込み中： C:\work\python_study\excel_automation\work1\売上データ元\store_C.xlsx
2026-03-16 21:33:38 [INFO] 売上ファイルの読み込み完了
2026-03-16 21:33:38 [INFO] 整形処理開始
2026-03-16 21:33:38 [INFO] 整形処理終了
2026-03-16 21:33:38 [INFO] 結合データのExcel出力完了
2026-03-16 21:33:38 [INFO] 集計処理開始
2026-03-16 21:33:38 [INFO] 集計処理終了
2026-03-16 21:33:38 [INFO] シート書き込み： カテゴリ別売上
2026-03-16 21:33:38 [INFO] シート書き込み： 商品別売上
2026-03-16 21:33:38 [INFO] シート書き込み： 店舗別売上
2026-03-16 21:33:38 [INFO] シート書き込み： 日付別売上
2026-03-16 21:33:38 [INFO] グラフ作成開始
2026-03-16 21:33:38 [INFO] グラフ作成：カテゴリ別売上
2026-03-16 21:33:38 [INFO] グラフ作成：店舗別売上
2026-03-16 21:33:38 [INFO] グラフ作成：商品別売上
2026-03-16 21:33:38 [INFO] グラフ作成：日付別売上
2026-03-16 21:33:38 [INFO] 全部のグラフ作成完了
2026-03-16 21:33:38 [INFO] === 全処理完了 ===
